0 info it worked if it ends with ok
1 verbose cli [ '/usr/bin/node', '/usr/bin/npm', 'run', 'server' ]
2 info using npm@3.10.10
3 info using node@v6.12.3
4 verbose run-script [ 'preserver', 'server', 'postserver' ]
5 info lifecycle 15@1.0.0~preserver: 15@1.0.0
6 silly lifecycle 15@1.0.0~preserver: no script for preserver, continuing
7 info lifecycle 15@1.0.0~server: 15@1.0.0
8 verbose lifecycle 15@1.0.0~server: unsafe-perm in lifecycle true
9 verbose lifecycle 15@1.0.0~server: PATH: /usr/lib/node_modules/npm/bin/node-gyp-bin:/var/www/html/elm15/node_modules/.bin:/home/francesco/xiki-project/bin:/home/francesco/xiki-project/bin:/home/francesco/bin:/home/francesco/.local/bin:/usr/local/sbin:/usr/local/bin:/usr/sbin:/usr/bin:/sbin:/bin:/usr/games:/usr/local/games:/snap/bin:/home/francesco/bin:/usr/lib/jvm/default-java/bin:/home/francesco/Android/Sdk/tools:/home/francesco/Android/Sdk/platform-tools
10 verbose lifecycle 15@1.0.0~server: CWD: /var/www/html/elm15
11 silly lifecycle 15@1.0.0~server: Args: [ '-c',
11 silly lifecycle   'live-server --port=8080 --mount=./public --entry-file=./public/index.html' ]
12 silly lifecycle 15@1.0.0~server: Returned: code: 1  signal: null
13 info lifecycle 15@1.0.0~server: Failed to exec server script
14 verbose stack Error: 15@1.0.0 server: `live-server --port=8080 --mount=./public --entry-file=./public/index.html`
14 verbose stack Exit status 1
14 verbose stack     at EventEmitter.<anonymous> (/usr/lib/node_modules/npm/lib/utils/lifecycle.js:255:16)
14 verbose stack     at emitTwo (events.js:106:13)
14 verbose stack     at EventEmitter.emit (events.js:191:7)
14 verbose stack     at ChildProcess.<anonymous> (/usr/lib/node_modules/npm/lib/utils/spawn.js:40:14)
14 verbose stack     at emitTwo (events.js:106:13)
14 verbose stack     at ChildProcess.emit (events.js:191:7)
14 verbose stack     at maybeClose (internal/child_process.js:920:16)
14 verbose stack     at Process.ChildProcess._handle.onexit (internal/child_process.js:230:5)
15 verbose pkgid 15@1.0.0
16 verbose cwd /var/www/html/elm15
17 error Linux 4.4.0-112-generic
18 error argv "/usr/bin/node" "/usr/bin/npm" "run" "server"
19 error node v6.12.3
20 error npm  v3.10.10
21 error code ELIFECYCLE
22 error 15@1.0.0 server: `live-server --port=8080 --mount=./public --entry-file=./public/index.html`
22 error Exit status 1
23 error Failed at the 15@1.0.0 server script 'live-server --port=8080 --mount=./public --entry-file=./public/index.html'.
23 error Make sure you have the latest version of node.js and npm installed.
23 error If you do, this is most likely a problem with the 15 package,
23 error not with npm itself.
23 error Tell the author that this fails on your system:
23 error     live-server --port=8080 --mount=./public --entry-file=./public/index.html
23 error You can get information on how to open an issue for this project with:
23 error     npm bugs 15
23 error Or if that isn't available, you can get their info via:
23 error     npm owner ls 15
23 error There is likely additional logging output above.
24 verbose exit [ 1, true ]
